c:\users\kids1\desktop\쥬신\05. myframework_0214_backup\3d_portfolio_02.14_backup\engine\default\x64\release\engine.pch
c:\users\kids1\desktop\쥬신\05. myframework_0214_backup\3d_portfolio_02.14_backup\engine\default\x64\release\vc143.pdb
c:\users\kids1\desktop\쥬신\05. myframework_0214_backup\3d_portfolio_02.14_backup\engine\default\x64\release\engine_pch.obj
c:\users\kids1\desktop\쥬신\05. myframework_0214_backup\3d_portfolio_02.14_backup\engine\default\x64\release\customfont.obj
c:\users\kids1\desktop\쥬신\05. myframework_0214_backup\3d_portfolio_02.14_backup\engine\default\x64\release\collisionmanager.obj
c:\users\kids1\desktop\쥬신\05. myframework_0214_backup\3d_portfolio_02.14_backup\engine\default\x64\release\collidercomponent.obj
c:\users\kids1\desktop\쥬신\05. myframework_0214_backup\3d_portfolio_02.14_backup\engine\default\x64\release\charactor.obj
c:\users\kids1\desktop\쥬신\05. myframework_0214_backup\3d_portfolio_02.14_backup\engine\default\x64\release\channel.obj
c:\users\kids1\desktop\쥬신\05. myframework_0214_backup\3d_portfolio_02.14_backup\engine\default\x64\release\cell.obj
c:\users\kids1\desktop\쥬신\05. myframework_0214_backup\3d_portfolio_02.14_backup\engine\default\x64\release\cameramanager.obj
c:\users\kids1\desktop\쥬신\05. myframework_0214_backup\3d_portfolio_02.14_backup\engine\default\x64\release\cameracomponent.obj
c:\users\kids1\desktop\쥬신\05. myframework_0214_backup\3d_portfolio_02.14_backup\engine\default\x64\release\bounding_sphere.obj
c:\users\kids1\desktop\쥬신\05. myframework_0214_backup\3d_portfolio_02.14_backup\engine\default\x64\release\bounding_obb.obj
c:\users\kids1\desktop\쥬신\05. myframework_0214_backup\3d_portfolio_02.14_backup\engine\default\x64\release\bounding_aabb.obj
c:\users\kids1\desktop\쥬신\05. myframework_0214_backup\3d_portfolio_02.14_backup\engine\default\x64\release\bounding.obj
c:\users\kids1\desktop\쥬신\05. myframework_0214_backup\3d_portfolio_02.14_backup\engine\default\x64\release\bone.obj
c:\users\kids1\desktop\쥬신\05. myframework_0214_backup\3d_portfolio_02.14_backup\engine\default\x64\release\monsterattackeffect.obj
c:\users\kids1\desktop\쥬신\05. myframework_0214_backup\3d_portfolio_02.14_backup\engine\default\x64\release\attackcollider.obj
c:\users\kids1\desktop\쥬신\05. myframework_0214_backup\3d_portfolio_02.14_backup\engine\default\x64\release\animmodel.obj
c:\users\kids1\desktop\쥬신\05. myframework_0214_backup\3d_portfolio_02.14_backup\engine\default\x64\release\animation.obj
c:\users\kids1\desktop\쥬신\05. myframework_0214_backup\3d_portfolio_02.14_backup\engine\default\x64\release\animactor.obj
c:\users\kids1\desktop\쥬신\05. myframework_0214_backup\3d_portfolio_02.14_backup\engine\default\x64\release\actorcomponent.obj
c:\users\kids1\desktop\쥬신\05. myframework_0214_backup\3d_portfolio_02.14_backup\engine\default\x64\release\actor.obj
c:\users\kids1\desktop\쥬신\05. myframework_0214_backup\3d_portfolio_02.14_backup\engine\default\x64\release\nonanimmodel.obj
c:\users\kids1\desktop\쥬신\05. myframework_0214_backup\3d_portfolio_02.14_backup\engine\default\x64\release\nonanimactor.obj
c:\users\kids1\desktop\쥬신\05. myframework_0214_backup\3d_portfolio_02.14_backup\engine\default\x64\release\navigationmanager.obj
c:\users\kids1\desktop\쥬신\05. myframework_0214_backup\3d_portfolio_02.14_backup\engine\default\x64\release\navigation.obj
c:\users\kids1\desktop\쥬신\05. myframework_0214_backup\3d_portfolio_02.14_backup\engine\default\x64\release\modelcomponent.obj
c:\users\kids1\desktop\쥬신\05. myframework_0214_backup\3d_portfolio_02.14_backup\engine\default\x64\release\meshactor.obj
c:\users\kids1\desktop\쥬신\05. myframework_0214_backup\3d_portfolio_02.14_backup\engine\default\x64\release\mesh.obj
c:\users\kids1\desktop\쥬신\05. myframework_0214_backup\3d_portfolio_02.14_backup\engine\default\x64\release\lightmanager.obj
c:\users\kids1\desktop\쥬신\05. myframework_0214_backup\3d_portfolio_02.14_backup\engine\default\x64\release\light.obj
c:\users\kids1\desktop\쥬신\05. myframework_0214_backup\3d_portfolio_02.14_backup\engine\default\x64\release\levelmanager.obj
c:\users\kids1\desktop\쥬신\05. myframework_0214_backup\3d_portfolio_02.14_backup\engine\default\x64\release\level.obj
c:\users\kids1\desktop\쥬신\05. myframework_0214_backup\3d_portfolio_02.14_backup\engine\default\x64\release\layer.obj
c:\users\kids1\desktop\쥬신\05. myframework_0214_backup\3d_portfolio_02.14_backup\engine\default\x64\release\instancing.obj
c:\users\kids1\desktop\쥬신\05. myframework_0214_backup\3d_portfolio_02.14_backup\engine\default\x64\release\inputmanager.obj
c:\users\kids1\desktop\쥬신\05. myframework_0214_backup\3d_portfolio_02.14_backup\engine\default\x64\release\fontmanager.obj
c:\users\kids1\desktop\쥬신\05. myframework_0214_backup\3d_portfolio_02.14_backup\engine\default\x64\release\effectmeshactor.obj
c:\users\kids1\desktop\쥬신\05. myframework_0214_backup\3d_portfolio_02.14_backup\engine\default\x64\release\effectmesh.obj
c:\users\kids1\desktop\쥬신\05. myframework_0214_backup\3d_portfolio_02.14_backup\engine\default\x64\release\devicemanager.obj
c:\users\kids1\desktop\쥬신\05. myframework_0214_backup\3d_portfolio_02.14_backup\engine\default\x64\release\debugdraw.obj
c:\users\kids1\desktop\쥬신\05. myframework_0214_backup\3d_portfolio_02.14_backup\engine\default\x64\release\movingeffect.obj
c:\users\kids1\desktop\쥬신\05. myframework_0214_backup\3d_portfolio_02.14_backup\engine\default\x64\release\scenecomponent.obj
c:\users\kids1\desktop\쥬신\05. myframework_0214_backup\3d_portfolio_02.14_backup\engine\default\x64\release\resourcemanager.obj
c:\users\kids1\desktop\쥬신\05. myframework_0214_backup\3d_portfolio_02.14_backup\engine\default\x64\release\rendertargetmanager.obj
c:\users\kids1\desktop\쥬신\05. myframework_0214_backup\3d_portfolio_02.14_backup\engine\default\x64\release\rendertarget.obj
c:\users\kids1\desktop\쥬신\05. myframework_0214_backup\3d_portfolio_02.14_backup\engine\default\x64\release\rect_rendertarget.obj
c:\users\kids1\desktop\쥬신\05. myframework_0214_backup\3d_portfolio_02.14_backup\engine\default\x64\release\monsterprojectileeffect.obj
c:\users\kids1\desktop\쥬신\05. myframework_0214_backup\3d_portfolio_02.14_backup\engine\default\x64\release\projectileactor.obj
c:\users\kids1\desktop\쥬신\05. myframework_0214_backup\3d_portfolio_02.14_backup\engine\default\x64\release\projectile.obj
c:\users\kids1\desktop\쥬신\05. myframework_0214_backup\3d_portfolio_02.14_backup\engine\default\x64\release\productioncamera.obj
c:\users\kids1\desktop\쥬신\05. myframework_0214_backup\3d_portfolio_02.14_backup\engine\default\x64\release\primitivecomponent.obj
c:\users\kids1\desktop\쥬신\05. myframework_0214_backup\3d_portfolio_02.14_backup\engine\default\x64\release\prefabmanager.obj
c:\users\kids1\desktop\쥬신\05. myframework_0214_backup\3d_portfolio_02.14_backup\engine\default\x64\release\playerprojectileeffect.obj
c:\users\kids1\desktop\쥬신\05. myframework_0214_backup\3d_portfolio_02.14_backup\engine\default\x64\release\playerattackeffect.obj
c:\users\kids1\desktop\쥬신\05. myframework_0214_backup\3d_portfolio_02.14_backup\engine\default\x64\release\particle_rect.obj
c:\users\kids1\desktop\쥬신\05. myframework_0214_backup\3d_portfolio_02.14_backup\engine\default\x64\release\particle_point.obj
c:\users\kids1\desktop\쥬신\05. myframework_0214_backup\3d_portfolio_02.14_backup\engine\default\x64\release\particleactor.obj
c:\users\kids1\desktop\쥬신\05. myframework_0214_backup\3d_portfolio_02.14_backup\engine\default\x64\release\objectmanager.obj
c:\users\kids1\desktop\쥬신\05. myframework_0214_backup\3d_portfolio_02.14_backup\engine\default\x64\release\object.obj
c:\users\kids1\desktop\쥬신\05. myframework_0214_backup\3d_portfolio_02.14_backup\engine\default\x64\release\nonmeshcomponent.obj
c:\users\kids1\desktop\쥬신\05. myframework_0214_backup\3d_portfolio_02.14_backup\engine\default\x64\release\dllmain.obj
c:\users\kids1\desktop\쥬신\05. myframework_0214_backup\3d_portfolio_02.14_backup\engine\default\x64\release\engine_struct.obj
c:\users\kids1\desktop\쥬신\05. myframework_0214_backup\3d_portfolio_02.14_backup\engine\default\x64\release\vibuffer_ui.obj
c:\users\kids1\desktop\쥬신\05. myframework_0214_backup\3d_portfolio_02.14_backup\engine\default\x64\release\vibuffer_rect.obj
c:\users\kids1\desktop\쥬신\05. myframework_0214_backup\3d_portfolio_02.14_backup\engine\default\x64\release\timermanager.obj
c:\users\kids1\desktop\쥬신\05. myframework_0214_backup\3d_portfolio_02.14_backup\engine\default\x64\release\timer.obj
c:\users\kids1\desktop\쥬신\05. myframework_0214_backup\3d_portfolio_02.14_backup\engine\default\x64\release\vibuffer_terrain.obj
c:\users\kids1\desktop\쥬신\05. myframework_0214_backup\3d_portfolio_02.14_backup\engine\default\x64\release\vibuffer_cube.obj
c:\users\kids1\desktop\쥬신\05. myframework_0214_backup\3d_portfolio_02.14_backup\engine\default\x64\release\thirdpersoncamera.obj
c:\users\kids1\desktop\쥬신\05. myframework_0214_backup\3d_portfolio_02.14_backup\engine\default\x64\release\texture.obj
c:\users\kids1\desktop\쥬신\05. myframework_0214_backup\3d_portfolio_02.14_backup\engine\default\x64\release\statemachine.obj
c:\users\kids1\desktop\쥬신\05. myframework_0214_backup\3d_portfolio_02.14_backup\engine\default\x64\release\spriteactor.obj
c:\users\kids1\desktop\쥬신\05. myframework_0214_backup\3d_portfolio_02.14_backup\engine\default\x64\release\spawnmanager.obj
c:\users\kids1\desktop\쥬신\05. myframework_0214_backup\3d_portfolio_02.14_backup\engine\default\x64\release\soundmanager.obj
c:\users\kids1\desktop\쥬신\05. myframework_0214_backup\3d_portfolio_02.14_backup\engine\bin\engine.dll
c:\users\kids1\desktop\쥬신\05. myframework_0214_backup\3d_portfolio_02.14_backup\engine\default\x64\release\engine.tlog\cl.command.1.tlog
c:\users\kids1\desktop\쥬신\05. myframework_0214_backup\3d_portfolio_02.14_backup\engine\default\x64\release\engine.tlog\cl.read.1.tlog
c:\users\kids1\desktop\쥬신\05. myframework_0214_backup\3d_portfolio_02.14_backup\engine\default\x64\release\engine.tlog\cl.write.1.tlog
