  Engine_pch.cpp
  Actor.cpp
  ActorComponent.cpp
  AnimActor.cpp
  Animation.cpp
  AnimModel.cpp
  AttackCollider.cpp
  MonsterAttackEffect.cpp
  Bone.cpp
  Bounding.cpp
  Bounding_AABB.cpp
  Bounding_OBB.cpp
  Bounding_Sphere.cpp
  CameraComponent.cpp
  CameraManager.cpp
  Cell.cpp
  Channel.cpp
  Charactor.cpp
  ColliderComponent.cpp
  CollisionManager.cpp
  CustomFont.cpp
  컴파일하고 있습니다...
  MovingEffect.cpp
  DebugDraw.cpp
  DeviceManager.cpp
  EffectMesh.cpp
  EffectMeshActor.cpp
  FontManager.cpp
  InputManager.cpp
  Instancing.cpp
  Layer.cpp
  Level.cpp
  LevelManager.cpp
  Light.cpp
  LightManager.cpp
  Mesh.cpp
  MeshActor.cpp
  ModelComponent.cpp
  Navigation.cpp
  NavigationManager.cpp
  NonAnimActor.cpp
  NonAnimModel.cpp
  컴파일하고 있습니다...
  NonMeshComponent.cpp
  Object.cpp
  ObjectManager.cpp
  ParticleActor.cpp
  Particle_Point.cpp
  Particle_Rect.cpp
  PlayerAttackEffect.cpp
  PlayerProjectileEffect.cpp
  PrefabManager.cpp
  PrimitiveComponent.cpp
  ProductionCamera.cpp
  Projectile.cpp
  ProjectileActor.cpp
  MonsterProjectileEffect.cpp
  Rect_RenderTarget.cpp
  RenderManager.cpp
  RenderTarget.cpp
  RenderTargetManager.cpp
  ResourceManager.cpp
  SceneComponent.cpp
  컴파일하고 있습니다...
  SoundManager.cpp
  SpawnManager.cpp
  SpriteActor.cpp
  StateMachine.cpp
  Texture.cpp
  ThirdPersonCamera.cpp
  VIBuffer_Cube.cpp
  VIBuffer_Terrain.cpp
  Timer.cpp
  TimerManager.cpp
  VIBuffer_Rect.cpp
  VIBuffer_UI.cpp
  Engine_Struct.cpp
  dllmain.cpp
     ../Bin/Engine.lib 라이브러리 및 ../Bin/Engine.exp 개체를 생성하고 있습니다.
  코드를 생성하고 있습니다.
  Previous IPDB not found, fall back to full compilation.
  All 8460 functions were compiled because no usable IPDB/IOBJ from previous compilation was found.
  코드를 생성했습니다.
Effects11.lib(EffectAPI.obj) : warning LNK4099: '' PDB를 'Effects11.lib(EffectAPI.obj)' 또는 ''에서 찾을 수 없습니다. 디버그 정보가 없는 것처럼 개체를 링크합니다.
Effects11.lib(EffectNonRuntime.obj) : warning LNK4099: '' PDB를 'Effects11.lib(EffectNonRuntime.obj)' 또는 ''에서 찾을 수 없습니다. 디버그 정보가 없는 것처럼 개체를 링크합니다.
Effects11.lib(EffectLoad.obj) : warning LNK4099: '' PDB를 'Effects11.lib(EffectLoad.obj)' 또는 ''에서 찾을 수 없습니다. 디버그 정보가 없는 것처럼 개체를 링크합니다.
Effects11.lib(d3dxGlobal.obj) : warning LNK4099: '' PDB를 'Effects11.lib(d3dxGlobal.obj)' 또는 ''에서 찾을 수 없습니다. 디버그 정보가 없는 것처럼 개체를 링크합니다.
Effects11.lib(EffectReflection.obj) : warning LNK4099: '' PDB를 'Effects11.lib(EffectReflection.obj)' 또는 ''에서 찾을 수 없습니다. 디버그 정보가 없는 것처럼 개체를 링크합니다.
Effects11.lib(EffectRuntime.obj) : warning LNK4099: '' PDB를 'Effects11.lib(EffectRuntime.obj)' 또는 ''에서 찾을 수 없습니다. 디버그 정보가 없는 것처럼 개체를 링크합니다.
DirectXTK.lib(WICTextureLoader.obj) : warning LNK4099: '' PDB를 'DirectXTK.lib(WICTextureLoader.obj)' 또는 ''에서 찾을 수 없습니다. 디버그 정보가 없는 것처럼 개체를 링크합니다.
DirectXTK.lib(BasicEffect.obj) : warning LNK4099: '' PDB를 'DirectXTK.lib(BasicEffect.obj)' 또는 ''에서 찾을 수 없습니다. 디버그 정보가 없는 것처럼 개체를 링크합니다.
DirectXTK.lib(VertexTypes.obj) : warning LNK4099: '' PDB를 'DirectXTK.lib(VertexTypes.obj)' 또는 ''에서 찾을 수 없습니다. 디버그 정보가 없는 것처럼 개체를 링크합니다.
DirectXTK.lib(PrimitiveBatch.obj) : warning LNK4099: '' PDB를 'DirectXTK.lib(PrimitiveBatch.obj)' 또는 ''에서 찾을 수 없습니다. 디버그 정보가 없는 것처럼 개체를 링크합니다.
DirectXTK.lib(SpriteBatch.obj) : warning LNK4099: '' PDB를 'DirectXTK.lib(SpriteBatch.obj)' 또는 ''에서 찾을 수 없습니다. 디버그 정보가 없는 것처럼 개체를 링크합니다.
DirectXTK.lib(SpriteFont.obj) : warning LNK4099: '' PDB를 'DirectXTK.lib(SpriteFont.obj)' 또는 ''에서 찾을 수 없습니다. 디버그 정보가 없는 것처럼 개체를 링크합니다.
DirectXTK.lib(DDSTextureLoader.obj) : warning LNK4099: '' PDB를 'DirectXTK.lib(DDSTextureLoader.obj)' 또는 ''에서 찾을 수 없습니다. 디버그 정보가 없는 것처럼 개체를 링크합니다.
DirectXTK.lib(pch.obj) : warning LNK4099: '' PDB를 'DirectXTK.lib(pch.obj)' 또는 ''에서 찾을 수 없습니다. 디버그 정보가 없는 것처럼 개체를 링크합니다.
DirectXTK.lib(EffectCommon.obj) : warning LNK4099: '' PDB를 'DirectXTK.lib(EffectCommon.obj)' 또는 ''에서 찾을 수 없습니다. 디버그 정보가 없는 것처럼 개체를 링크합니다.
DirectXTK.lib(BufferHelpers.obj) : warning LNK4099: '' PDB를 'DirectXTK.lib(BufferHelpers.obj)' 또는 ''에서 찾을 수 없습니다. 디버그 정보가 없는 것처럼 개체를 링크합니다.
DirectXTK.lib(CommonStates.obj) : warning LNK4099: '' PDB를 'DirectXTK.lib(CommonStates.obj)' 또는 ''에서 찾을 수 없습니다. 디버그 정보가 없는 것처럼 개체를 링크합니다.
DirectXTK.lib(BinaryReader.obj) : warning LNK4099: '' PDB를 'DirectXTK.lib(BinaryReader.obj)' 또는 ''에서 찾을 수 없습니다. 디버그 정보가 없는 것처럼 개체를 링크합니다.
  Engine.vcxproj -> C:\Users\kids1\Desktop\쥬신\05. MyFramework_0214_Backup\3D_Portfolio_02.14_Backup\Engine\Bin\Engine.dll
  'pwsh.exe'은(는) 내부 또는 외부 명령, 실행할 수 있는 프로그램, 또는
  배치 파일이 아닙니다.
