c:\users\kids1\desktop\쥬신\05. myframework_0214_backup\3d_portfolio_02.14_backup\client\default\x64\debug\vc143.pdb
c:\users\kids1\desktop\쥬신\05. myframework_0214_backup\3d_portfolio_02.14_backup\client\default\x64\debug\vc143.idb
c:\users\kids1\desktop\쥬신\05. myframework_0214_backup\3d_portfolio_02.14_backup\client\default\x64\debug\player.obj
c:\users\kids1\desktop\쥬신\05. myframework_0214_backup\3d_portfolio_02.14_backup\client\default\x64\debug\particleactor_rect.obj
c:\users\kids1\desktop\쥬신\05. myframework_0214_backup\3d_portfolio_02.14_backup\client\default\x64\debug\particleactor_point.obj
c:\users\kids1\desktop\쥬신\05. myframework_0214_backup\3d_portfolio_02.14_backup\client\default\x64\debug\monster.obj
c:\users\kids1\desktop\쥬신\05. myframework_0214_backup\3d_portfolio_02.14_backup\client\default\x64\debug\mainapp.obj
c:\users\kids1\desktop\쥬신\05. myframework_0214_backup\3d_portfolio_02.14_backup\client\default\x64\debug\loader.obj
c:\users\kids1\desktop\쥬신\05. myframework_0214_backup\3d_portfolio_02.14_backup\client\default\x64\debug\level_stage3.obj
c:\users\kids1\desktop\쥬신\05. myframework_0214_backup\3d_portfolio_02.14_backup\client\default\x64\debug\level_stage2.obj
c:\users\kids1\desktop\쥬신\05. myframework_0214_backup\3d_portfolio_02.14_backup\client\default\x64\debug\level_stage1.obj
c:\users\kids1\desktop\쥬신\05. myframework_0214_backup\3d_portfolio_02.14_backup\client\default\x64\debug\level_logo.obj
c:\users\kids1\desktop\쥬신\05. myframework_0214_backup\3d_portfolio_02.14_backup\client\default\x64\debug\level_loading.obj
c:\users\kids1\desktop\쥬신\05. myframework_0214_backup\3d_portfolio_02.14_backup\client\default\x64\debug\hili_ice_statemachine.obj
c:\users\kids1\desktop\쥬신\05. myframework_0214_backup\3d_portfolio_02.14_backup\client\default\x64\debug\hili_ice.obj
c:\users\kids1\desktop\쥬신\05. myframework_0214_backup\3d_portfolio_02.14_backup\client\default\x64\debug\hili_fire_statemachine.obj
c:\users\kids1\desktop\쥬신\05. myframework_0214_backup\3d_portfolio_02.14_backup\client\default\x64\debug\hili_fire.obj
c:\users\kids1\desktop\쥬신\05. myframework_0214_backup\3d_portfolio_02.14_backup\client\default\x64\debug\hili_crossbow.obj
c:\users\kids1\desktop\쥬신\05. myframework_0214_backup\3d_portfolio_02.14_backup\client\default\x64\debug\hili_club.obj
c:\users\kids1\desktop\쥬신\05. myframework_0214_backup\3d_portfolio_02.14_backup\client\default\x64\debug\defenderstatemachine.obj
c:\users\kids1\desktop\쥬신\05. myframework_0214_backup\3d_portfolio_02.14_backup\client\default\x64\debug\defender.obj
c:\users\kids1\desktop\쥬신\05. myframework_0214_backup\3d_portfolio_02.14_backup\client\default\x64\debug\clientlevel.obj
c:\users\kids1\desktop\쥬신\05. myframework_0214_backup\3d_portfolio_02.14_backup\client\default\x64\debug\boss_andreus.obj
c:\users\kids1\desktop\쥬신\05. myframework_0214_backup\3d_portfolio_02.14_backup\client\default\x64\debug\background.obj
c:\users\kids1\desktop\쥬신\05. myframework_0214_backup\3d_portfolio_02.14_backup\client\default\x64\debug\andreusstatemachine.obj
c:\users\kids1\desktop\쥬신\05. myframework_0214_backup\3d_portfolio_02.14_backup\client\default\x64\debug\client.obj
c:\users\kids1\desktop\쥬신\05. myframework_0214_backup\3d_portfolio_02.14_backup\client\default\x64\debug\weapon.obj
c:\users\kids1\desktop\쥬신\05. myframework_0214_backup\3d_portfolio_02.14_backup\client\default\x64\debug\stage3_navi.obj
c:\users\kids1\desktop\쥬신\05. myframework_0214_backup\3d_portfolio_02.14_backup\client\default\x64\debug\stage2_navi.obj
c:\users\kids1\desktop\쥬신\05. myframework_0214_backup\3d_portfolio_02.14_backup\client\default\x64\debug\stage1_navi.obj
c:\users\kids1\desktop\쥬신\05. myframework_0214_backup\3d_portfolio_02.14_backup\client\default\x64\debug\songlue.obj
c:\users\kids1\desktop\쥬신\05. myframework_0214_backup\3d_portfolio_02.14_backup\client\default\x64\debug\slime_ice_statemachine.obj
c:\users\kids1\desktop\쥬신\05. myframework_0214_backup\3d_portfolio_02.14_backup\client\default\x64\debug\slime_ice.obj
c:\users\kids1\desktop\쥬신\05. myframework_0214_backup\3d_portfolio_02.14_backup\client\default\x64\debug\slime_fire_statemachine.obj
c:\users\kids1\desktop\쥬신\05. myframework_0214_backup\3d_portfolio_02.14_backup\client\default\x64\debug\slime_fire.obj
c:\users\kids1\desktop\쥬신\05. myframework_0214_backup\3d_portfolio_02.14_backup\client\default\x64\debug\skybox.obj
c:\users\kids1\desktop\쥬신\05. myframework_0214_backup\3d_portfolio_02.14_backup\client\default\x64\debug\monsterstatemachine.obj
c:\users\kids1\desktop\쥬신\05. myframework_0214_backup\3d_portfolio_02.14_backup\client\default\x64\debug\skillicon.obj
c:\users\kids1\desktop\쥬신\05. myframework_0214_backup\3d_portfolio_02.14_backup\client\default\x64\debug\sideportrait.obj
c:\users\kids1\desktop\쥬신\05. myframework_0214_backup\3d_portfolio_02.14_backup\client\default\x64\debug\hpbar_frame.obj
c:\users\kids1\desktop\쥬신\05. myframework_0214_backup\3d_portfolio_02.14_backup\client\default\x64\debug\hpbar.obj
c:\users\kids1\desktop\쥬신\05. myframework_0214_backup\3d_portfolio_02.14_backup\client\default\x64\debug\uiactor_base.obj
c:\users\kids1\desktop\쥬신\05. myframework_0214_backup\3d_portfolio_02.14_backup\client\default\x64\debug\player_eula.obj
c:\users\kids1\desktop\쥬신\05. myframework_0214_backup\3d_portfolio_02.14_backup\client\default\x64\debug\eula_statemachine.obj
c:\users\kids1\desktop\쥬신\05. myframework_0214_backup\3d_portfolio_02.14_backup\client\default\x64\debug\userinstance.obj
c:\users\kids1\desktop\쥬신\05. myframework_0214_backup\3d_portfolio_02.14_backup\client\default\x64\debug\player_ambor.obj
c:\users\kids1\desktop\쥬신\05. myframework_0214_backup\3d_portfolio_02.14_backup\client\default\x64\debug\amos.obj
c:\users\kids1\desktop\쥬신\05. myframework_0214_backup\3d_portfolio_02.14_backup\client\default\x64\debug\ambor_statemachine.obj
c:\users\kids1\desktop\쥬신\05. myframework_0214_backup\3d_portfolio_02.14_backup\client\default\x64\debug\playerstatemachine.obj
c:\users\kids1\desktop\쥬신\05. myframework_0214_backup\3d_portfolio_02.14_backup\client\default\x64\debug\normalmonster.obj
c:\users\kids1\desktop\쥬신\05. myframework_0214_backup\3d_portfolio_02.14_backup\client\default\x64\debug\bossmonster.obj
c:\users\kids1\desktop\쥬신\05. myframework_0214_backup\3d_portfolio_02.14_backup\client\default\x64\debug\monsterhpbar_frame.obj
c:\users\kids1\desktop\쥬신\05. myframework_0214_backup\3d_portfolio_02.14_backup\client\default\x64\debug\monsterhpbar.obj
c:\users\kids1\desktop\쥬신\05. myframework_0214_backup\3d_portfolio_02.14_backup\client\default\x64\debug\ingameui.obj
c:\users\kids1\desktop\쥬신\05. myframework_0214_backup\3d_portfolio_02.14_backup\client\default\x64\debug\arrowrain_floor.obj
c:\users\kids1\desktop\쥬신\05. myframework_0214_backup\3d_portfolio_02.14_backup\client\default\x64\debug\player_nahida.obj
c:\users\kids1\desktop\쥬신\05. myframework_0214_backup\3d_portfolio_02.14_backup\client\default\x64\debug\zhongli_statemachine.obj
c:\users\kids1\desktop\쥬신\05. myframework_0214_backup\3d_portfolio_02.14_backup\client\default\x64\debug\player_zhongli.obj
c:\users\kids1\desktop\쥬신\05. myframework_0214_backup\3d_portfolio_02.14_backup\client\default\x64\debug\nahida_statemachine.obj
c:\users\kids1\desktop\쥬신\05. myframework_0214_backup\3d_portfolio_02.14_backup\client\default\x64\debug\catalyst.obj
c:\users\kids1\desktop\쥬신\05. myframework_0214_backup\3d_portfolio_02.14_backup\client\default\x64\debug\kunwu.obj
c:\users\kids1\desktop\쥬신\05. myframework_0214_backup\3d_portfolio_02.14_backup\client\default\x64\debug\captureeffect.obj
c:\users\kids1\desktop\쥬신\05. myframework_0214_backup\3d_portfolio_02.14_backup\client\default\x64\debug\seal.obj
c:\users\kids1\desktop\쥬신\05. myframework_0214_backup\3d_portfolio_02.14_backup\client\default\x64\debug\logo_loadingtext.obj
c:\users\kids1\desktop\쥬신\05. myframework_0214_backup\3d_portfolio_02.14_backup\client\default\x64\debug\background_loading2.obj
c:\users\kids1\desktop\쥬신\05. myframework_0214_backup\3d_portfolio_02.14_backup\client\default\x64\debug\background_loading1.obj
c:\users\kids1\desktop\쥬신\05. myframework_0214_backup\3d_portfolio_02.14_backup\client\default\x64\debug\background_loading3.obj
c:\users\kids1\desktop\쥬신\05. myframework_0214_backup\3d_portfolio_02.14_backup\client\default\x64\debug\client.pch
c:\users\kids1\desktop\쥬신\05. myframework_0214_backup\3d_portfolio_02.14_backup\client\default\x64\debug\pch.obj
c:\users\kids1\desktop\쥬신\05. myframework_0214_backup\3d_portfolio_02.14_backup\client\default\x64\debug\logo_loadingtext2.obj
c:\users\kids1\desktop\쥬신\05. myframework_0214_backup\3d_portfolio_02.14_backup\client\default\x64\debug\shield.obj
c:\users\kids1\desktop\쥬신\05. myframework_0214_backup\3d_portfolio_02.14_backup\client\default\x64\debug\jusin.obj
c:\users\kids1\desktop\쥬신\05. myframework_0214_backup\3d_portfolio_02.14_backup\client\default\x64\debug\damagefont.obj
c:\users\kids1\desktop\쥬신\05. myframework_0214_backup\3d_portfolio_02.14_backup\client\bin\shader_andrius_attack_one.cso
c:\users\kids1\desktop\쥬신\05. myframework_0214_backup\3d_portfolio_02.14_backup\client\bin\shader_andrius_attack_one_particle.cso
c:\users\kids1\desktop\쥬신\05. myframework_0214_backup\3d_portfolio_02.14_backup\client\bin\shader_andrius_attack_three_debris.cso
c:\users\kids1\desktop\쥬신\05. myframework_0214_backup\3d_portfolio_02.14_backup\client\bin\shader_andrius_attack_three_icefield.cso
c:\users\kids1\desktop\쥬신\05. myframework_0214_backup\3d_portfolio_02.14_backup\client\bin\shader_andrius_attack_turn.cso
c:\users\kids1\desktop\쥬신\05. myframework_0214_backup\3d_portfolio_02.14_backup\client\bin\shader_cell.cso
c:\users\kids1\desktop\쥬신\05. myframework_0214_backup\3d_portfolio_02.14_backup\client\bin\shader_eula_normalattack1.cso
c:\users\kids1\desktop\쥬신\05. myframework_0214_backup\3d_portfolio_02.14_backup\client\bin\shader_eula_skill_e.cso
c:\users\kids1\desktop\쥬신\05. myframework_0214_backup\3d_portfolio_02.14_backup\client\bin\shader_eula_skill_q.cso
c:\users\kids1\desktop\쥬신\05. myframework_0214_backup\3d_portfolio_02.14_backup\client\bin\shader_uibase.cso
c:\users\kids1\desktop\쥬신\05. myframework_0214_backup\3d_portfolio_02.14_backup\client\bin\shader_vtxcube.cso
c:\users\kids1\desktop\쥬신\05. myframework_0214_backup\3d_portfolio_02.14_backup\client\bin\shader_vtxeffectmesh.cso
c:\users\kids1\desktop\쥬신\05. myframework_0214_backup\3d_portfolio_02.14_backup\client\bin\shader_vtxnortex.cso
c:\users\kids1\desktop\쥬신\05. myframework_0214_backup\3d_portfolio_02.14_backup\client\bin\shader_vtxpostex.cso
c:\users\kids1\desktop\쥬신\05. myframework_0214_backup\3d_portfolio_02.14_backup\client\bin\shader_vtxrectinstance.cso
c:\users\kids1\desktop\쥬신\05. myframework_0214_backup\3d_portfolio_02.14_backup\client\bin\shader_andrius_attack_three_aura.cso
c:\users\kids1\desktop\쥬신\05. myframework_0214_backup\3d_portfolio_02.14_backup\client\bin\shader_andrius_paizechange.cso
c:\users\kids1\desktop\쥬신\05. myframework_0214_backup\3d_portfolio_02.14_backup\client\bin\shader_andrius_paizechange_thunder.cso
c:\users\kids1\desktop\쥬신\05. myframework_0214_backup\3d_portfolio_02.14_backup\client\bin\shader_andrius_pattern_two_windblade.cso
c:\users\kids1\desktop\쥬신\05. myframework_0214_backup\3d_portfolio_02.14_backup\client\bin\shader_sprite_blackcut.cso
c:\users\kids1\desktop\쥬신\05. myframework_0214_backup\3d_portfolio_02.14_backup\client\bin\shader_sprite.cso
c:\users\kids1\desktop\쥬신\05. myframework_0214_backup\3d_portfolio_02.14_backup\client\bin\shader_ui_portraitframe.cso
c:\users\kids1\desktop\쥬신\05. myframework_0214_backup\3d_portfolio_02.14_backup\client\bin\shader_ui_skillicon.cso
c:\users\kids1\desktop\쥬신\05. myframework_0214_backup\3d_portfolio_02.14_backup\client\bin\shader_ui_skilliconframe.cso
c:\users\kids1\desktop\쥬신\05. myframework_0214_backup\3d_portfolio_02.14_backup\client\bin\shader_vtxmesh.cso
c:\users\kids1\desktop\쥬신\05. myframework_0214_backup\3d_portfolio_02.14_backup\client\bin\shader_ui_monsterhpbar.cso
c:\users\kids1\desktop\쥬신\05. myframework_0214_backup\3d_portfolio_02.14_backup\client\bin\shader_ui_monsterhpbar_frame.cso
c:\users\kids1\desktop\쥬신\05. myframework_0214_backup\3d_portfolio_02.14_backup\client\bin\shader_ui_bosshpbar.cso
c:\users\kids1\desktop\쥬신\05. myframework_0214_backup\3d_portfolio_02.14_backup\client\bin\shader_ui_bosshpbar_frame.cso
c:\users\kids1\desktop\쥬신\05. myframework_0214_backup\3d_portfolio_02.14_backup\client\bin\shader_ui_hpbar.cso
c:\users\kids1\desktop\쥬신\05. myframework_0214_backup\3d_portfolio_02.14_backup\client\bin\shader_ui_hpbar_frame.cso
c:\users\kids1\desktop\쥬신\05. myframework_0214_backup\3d_portfolio_02.14_backup\client\bin\shader_vtxpointinstance_notime.cso
c:\users\kids1\desktop\쥬신\05. myframework_0214_backup\3d_portfolio_02.14_backup\client\bin\shader_sprite_zeroalphacut.cso
c:\users\kids1\desktop\쥬신\05. myframework_0214_backup\3d_portfolio_02.14_backup\client\bin\shader_vtxpointinstance.cso
c:\users\kids1\desktop\쥬신\05. myframework_0214_backup\3d_portfolio_02.14_backup\client\bin\shader_ambor_normalattack1.cso
c:\users\kids1\desktop\쥬신\05. myframework_0214_backup\3d_portfolio_02.14_backup\client\bin\shader_eula_normalattack5.cso
c:\users\kids1\desktop\쥬신\05. myframework_0214_backup\3d_portfolio_02.14_backup\client\bin\shader_nahida_skill_q.cso
c:\users\kids1\desktop\쥬신\05. myframework_0214_backup\3d_portfolio_02.14_backup\client\bin\shader_nahida_normalattack_flower.cso
c:\users\kids1\desktop\쥬신\05. myframework_0214_backup\3d_portfolio_02.14_backup\client\bin\shader_nahida_skill_e_frame.cso
c:\users\kids1\desktop\쥬신\05. myframework_0214_backup\3d_portfolio_02.14_backup\client\bin\shader_nahida_skill_e_rotatecard.cso
c:\users\kids1\desktop\쥬신\05. myframework_0214_backup\3d_portfolio_02.14_backup\client\bin\shader_eula_skill_e_particle.cso
c:\users\kids1\desktop\쥬신\05. myframework_0214_backup\3d_portfolio_02.14_backup\client\bin\shader_nahida_normalattack_particle.cso
c:\users\kids1\desktop\쥬신\05. myframework_0214_backup\3d_portfolio_02.14_backup\client\bin\shader_nahida_normalattack_floor.cso
c:\users\kids1\desktop\쥬신\05. myframework_0214_backup\3d_portfolio_02.14_backup\client\bin\shader_deferred.cso
c:\users\kids1\desktop\쥬신\05. myframework_0214_backup\3d_portfolio_02.14_backup\client\bin\shader_vtxanimmesh.cso
c:\users\kids1\desktop\쥬신\05. myframework_0214_backup\3d_portfolio_02.14_backup\client\bin\shader_zhongli_shield_cylinder.cso
c:\users\kids1\desktop\쥬신\05. myframework_0214_backup\3d_portfolio_02.14_backup\client\bin\shader_zhongli_jusin.cso
c:\users\kids1\desktop\쥬신\05. myframework_0214_backup\3d_portfolio_02.14_backup\client\bin\shader_sprite_alphadecrease.cso
c:\users\kids1\desktop\쥬신\05. myframework_0214_backup\3d_portfolio_02.14_backup\client\bin\shader_zhongli_shield.cso
c:\users\kids1\desktop\쥬신\05. myframework_0214_backup\3d_portfolio_02.14_backup\client\bin\client.exe
c:\users\kids1\desktop\쥬신\05. myframework_0214_backup\3d_portfolio_02.14_backup\client\default\x64\debug\client.ilk
c:\users\kids1\desktop\쥬신\05. myframework_0214_backup\3d_portfolio_02.14_backup\client\bin\client.pdb
c:\users\kids1\desktop\쥬신\05. myframework_0214_backup\3d_portfolio_02.14_backup\client\default\x64\debug\client.res
c:\users\kids1\desktop\쥬신\05. myframework_0214_backup\3d_portfolio_02.14_backup\client\default\x64\debug\andreus_windblade.obj
c:\users\kids1\desktop\쥬신\05. myframework_0214_backup\3d_portfolio_02.14_backup\client\default\x64\debug\logo_loading.obj
c:\users\kids1\desktop\쥬신\05. myframework_0214_backup\3d_portfolio_02.14_backup\client\default\x64\debug\logo_loading1.obj
c:\users\kids1\desktop\쥬신\05. myframework_0214_backup\3d_portfolio_02.14_backup\client\default\x64\debug\player_productioncamera.obj
c:\users\kids1\desktop\쥬신\05. myframework_0214_backup\3d_portfolio_02.14_backup\client\default\x64\debug\productioncamera.obj
c:\users\kids1\desktop\쥬신\05. myframework_0214_backup\3d_portfolio_02.14_backup\client\default\x64\debug\ambor_statemachine.obj.enc
c:\users\kids1\desktop\쥬신\05. myframework_0214_backup\3d_portfolio_02.14_backup\client\default\x64\debug\background_loading1.obj.enc
c:\users\kids1\desktop\쥬신\05. myframework_0214_backup\3d_portfolio_02.14_backup\client\default\x64\debug\background_loading2.obj.enc
c:\users\kids1\desktop\쥬신\05. myframework_0214_backup\3d_portfolio_02.14_backup\client\default\x64\debug\captureeffect.new.obj.enc
c:\users\kids1\desktop\쥬신\05. myframework_0214_backup\3d_portfolio_02.14_backup\client\default\x64\debug\damagefont.obj.enc
c:\users\kids1\desktop\쥬신\05. myframework_0214_backup\3d_portfolio_02.14_backup\client\default\x64\debug\eula_statemachine.obj.enc
c:\users\kids1\desktop\쥬신\05. myframework_0214_backup\3d_portfolio_02.14_backup\client\default\x64\debug\nahida_statemachine.obj.enc
c:\users\kids1\desktop\쥬신\05. myframework_0214_backup\3d_portfolio_02.14_backup\client\default\x64\debug\playerstatemachine.obj.enc
c:\users\kids1\desktop\쥬신\05. myframework_0214_backup\3d_portfolio_02.14_backup\client\default\x64\debug\player_ambor.obj.enc
c:\users\kids1\desktop\쥬신\05. myframework_0214_backup\3d_portfolio_02.14_backup\client\default\x64\debug\player_eula.obj.enc
c:\users\kids1\desktop\쥬신\05. myframework_0214_backup\3d_portfolio_02.14_backup\client\default\x64\debug\player_nahida.new.obj.enc
c:\users\kids1\desktop\쥬신\05. myframework_0214_backup\3d_portfolio_02.14_backup\client\default\x64\debug\client.tlog\cl.command.1.tlog
c:\users\kids1\desktop\쥬신\05. myframework_0214_backup\3d_portfolio_02.14_backup\client\default\x64\debug\client.tlog\cl.items.tlog
c:\users\kids1\desktop\쥬신\05. myframework_0214_backup\3d_portfolio_02.14_backup\client\default\x64\debug\client.tlog\cl.read.1.tlog
c:\users\kids1\desktop\쥬신\05. myframework_0214_backup\3d_portfolio_02.14_backup\client\default\x64\debug\client.tlog\cl.write.1.tlog
c:\users\kids1\desktop\쥬신\05. myframework_0214_backup\3d_portfolio_02.14_backup\client\default\x64\debug\client.tlog\fxc.command.1.tlog
c:\users\kids1\desktop\쥬신\05. myframework_0214_backup\3d_portfolio_02.14_backup\client\default\x64\debug\client.tlog\fxc.read.1.tlog
c:\users\kids1\desktop\쥬신\05. myframework_0214_backup\3d_portfolio_02.14_backup\client\default\x64\debug\client.tlog\fxc.write.1.tlog
c:\users\kids1\desktop\쥬신\05. myframework_0214_backup\3d_portfolio_02.14_backup\client\default\x64\debug\client.tlog\link.command.1.tlog
c:\users\kids1\desktop\쥬신\05. myframework_0214_backup\3d_portfolio_02.14_backup\client\default\x64\debug\client.tlog\link.read.1.tlog
c:\users\kids1\desktop\쥬신\05. myframework_0214_backup\3d_portfolio_02.14_backup\client\default\x64\debug\client.tlog\link.write.1.tlog
c:\users\kids1\desktop\쥬신\05. myframework_0214_backup\3d_portfolio_02.14_backup\client\default\x64\debug\client.tlog\rc.command.1.tlog
c:\users\kids1\desktop\쥬신\05. myframework_0214_backup\3d_portfolio_02.14_backup\client\default\x64\debug\client.tlog\rc.read.1.tlog
c:\users\kids1\desktop\쥬신\05. myframework_0214_backup\3d_portfolio_02.14_backup\client\default\x64\debug\client.tlog\rc.write.1.tlog
